<?xml version="1.0" encoding="UTF-8"?>
<testng-results skipped="1" failed="1" ignored="4" total="6" passed="0">
  <reporter-output>
  </reporter-output>
  <suite name="Suite" duration-ms="90498" started-at="2017-11-26T14:29:43Z" finished-at="2017-11-26T14:31:13Z">
    <groups>
    </groups>
    <test name="Test" duration-ms="90498" started-at="2017-11-26T14:29:43Z" finished-at="2017-11-26T14:31:13Z">
      <class name="com.w2a.architectbatch1.testCases.TC03">
        <test-method status="PASS" signature="beforeClass()[pri:0, instance:com.w2a.architectbatch1.testCases.TC03@7dc0f706]" name="beforeClass" is-config="true" duration-ms="16" started-at="2017-11-26T19:59:43Z" finished-at="2017-11-26T19:59:43Z">
          <reporter-output>
          </reporter-output>
        </test-method> <!-- beforeClass -->
        <test-method status="PASS" signature="beforeMethod(java.lang.reflect.Method)[pri:0, instance:com.w2a.architectbatch1.testCases.TC03@7dc0f706]" name="beforeMethod" is-config="true" duration-ms="35459" started-at="2017-11-26T19:59:43Z" finished-at="2017-11-26T20:00:19Z">
          <params>
            <param index="0">
              <value>
                <![CDATA[public void com.w2a.architectbatch1.testCases.TC03.TC03(java.util.Hashtable)]]>
              </value>
            </param>
          </params>
          <reporter-output>
          </reporter-output>
        </test-method> <!-- beforeMethod -->
        <test-method status="FAIL" signature="TC03(java.util.Hashtable)[pri:0, instance:com.w2a.architectbatch1.testCases.TC03@7dc0f706]" name="TC03" duration-ms="53617" started-at="2017-11-26T20:00:19Z" data-provider="dm" finished-at="2017-11-26T20:01:12Z">
          <params>
            <param index="0">
              <value>
                <![CDATA[{userID=bcd, Password=abcd}]]>
              </value>
            </param>
          </params>
          <exception class="java.lang.NullPointerException">
            <full-stacktrace>
              <![CDATA[java.lang.NullPointerException
	at sun.reflect.NativeMethodAccessorImpl.invoke0(Native Method)
	at sun.reflect.NativeMethodAccessorImpl.invoke(NativeMethodAccessorImpl.java:62)
	at sun.reflect.DelegatingMethodAccessorImpl.invoke(DelegatingMethodAccessorImpl.java:43)
	at java.lang.reflect.Method.invoke(Method.java:498)
	at org.openqa.selenium.support.pagefactory.internal.LocatingElementHandler.invoke(LocatingElementHandler.java:51)
	at com.sun.proxy.$Proxy16.isDisplayed(Unknown Source)
	at org.openqa.selenium.support.ui.ExpectedConditions.elementIfVisible(ExpectedConditions.java:301)
	at org.openqa.selenium.support.ui.ExpectedConditions.access$100(ExpectedConditions.java:43)
	at org.openqa.selenium.support.ui.ExpectedConditions$10.apply(ExpectedConditions.java:287)
	at org.openqa.selenium.support.ui.ExpectedConditions$10.apply(ExpectedConditions.java:284)
	at org.openqa.selenium.support.ui.FluentWait.until(FluentWait.java:208)
	at com.w2a.architectbatch1.Pages.BasePage.waitForPageToLoad(BasePage.java:51)
	at com.w2a.architectbatch1.Pages.BasePage.openPage(BasePage.java:40)
	at com.w2a.architectbatch1.Pages.GmailLandingPage.open(GmailLandingPage.java:17)
	at com.w2a.architectbatch1.testCases.TC03.TC03(TC03.java:16)
	at sun.reflect.NativeMethodAccessorImpl.invoke0(Native Method)
	at sun.reflect.NativeMethodAccessorImpl.invoke(NativeMethodAccessorImpl.java:62)
	at sun.reflect.DelegatingMethodAccessorImpl.invoke(DelegatingMethodAccessorImpl.java:43)
	at java.lang.reflect.Method.invoke(Method.java:498)
	at org.testng.internal.MethodInvocationHelper.invokeMethod(MethodInvocationHelper.java:108)
	at org.testng.internal.Invoker.invokeMethod(Invoker.java:661)
	at org.testng.internal.Invoker.invokeTestMethod(Invoker.java:869)
	at org.testng.internal.Invoker.invokeTestMethods(Invoker.java:1193)
	at org.testng.internal.TestMethodWorker.invokeTestMethods(TestMethodWorker.java:126)
	at org.testng.internal.TestMethodWorker.run(TestMethodWorker.java:109)
	at java.util.concurrent.ThreadPoolExecutor.runWorker(ThreadPoolExecutor.java:1142)
	at java.util.concurrent.ThreadPoolExecutor$Worker.run(ThreadPoolExecutor.java:617)
	at java.lang.Thread.run(Thread.java:748)
]]>
            </full-stacktrace>
          </exception> <!-- java.lang.NullPointerException -->
          <reporter-output>
          </reporter-output>
        </test-method> <!-- TC03 -->
        <test-method status="PASS" signature="afterMethod(org.testng.ITestResult)[pri:0, instance:com.w2a.architectbatch1.testCases.TC03@7dc0f706]" name="afterMethod" is-config="true" duration-ms="1203" started-at="2017-11-26T20:01:12Z" finished-at="2017-11-26T20:01:13Z">
          <params>
            <param index="0">
              <value>
                <![CDATA[[TestResult name=TC03 status=FAILURE method=TC03.TC03(java.util.Hashtable)[pri:0, instance:com.w2a.architectbatch1.testCases.TC03@7dc0f706] output={null}]]]>
              </value>
            </param>
          </params>
          <reporter-output>
          </reporter-output>
        </test-method> <!-- afterMethod -->
        <test-method status="PASS" signature="afterClass()[pri:0, instance:com.w2a.architectbatch1.testCases.TC03@7dc0f706]" name="afterClass" is-config="true" duration-ms="0" started-at="2017-11-26T20:01:13Z" finished-at="2017-11-26T20:01:13Z">
          <reporter-output>
          </reporter-output>
        </test-method> <!-- afterClass -->
      </class> <!-- com.w2a.architectbatch1.testCases.TC03 -->
      <class name="com.w2a.architectbatch1.testCases.TestCase1">
        <test-method status="PASS" signature="setUp()[pri:0, instance:com.w2a.architectbatch1.testCases.TestCase1@3d34d211]" name="setUp" is-config="true" duration-ms="360" started-at="2017-11-26T19:59:42Z" finished-at="2017-11-26T19:59:43Z">
          <reporter-output>
          </reporter-output>
        </test-method> <!-- setUp -->
        <test-method status="PASS" signature="beforeClass()[pri:0, instance:com.w2a.architectbatch1.testCases.TestCase1@3d34d211]" name="beforeClass" is-config="true" duration-ms="16" started-at="2017-11-26T19:59:43Z" finished-at="2017-11-26T19:59:43Z">
          <reporter-output>
          </reporter-output>
        </test-method> <!-- beforeClass -->
        <test-method status="PASS" signature="beforeTest()[pri:0, instance:com.w2a.architectbatch1.testCases.TestCase1@3d34d211]" name="beforeTest" is-config="true" duration-ms="0" started-at="2017-11-26T19:59:43Z" finished-at="2017-11-26T19:59:43Z">
          <reporter-output>
          </reporter-output>
        </test-method> <!-- beforeTest -->
        <test-method status="SKIP" signature="tc_02(java.util.Hashtable)[pri:0, instance:com.w2a.architectbatch1.testCases.TestCase1@3d34d211]" name="tc_02" duration-ms="0" started-at="2017-11-26T19:59:43Z" data-provider="dm" finished-at="2017-11-26T19:59:43Z">
          <exception class="java.lang.RuntimeException">
            <message>
              <![CDATA[java.lang.NullPointerException]]>
            </message>
            <full-stacktrace>
              <![CDATA[java.lang.RuntimeException: java.lang.NullPointerException
	at org.testng.internal.MethodInvocationHelper.invokeMethodNoCheckedException(MethodInvocationHelper.java:49)
	at org.testng.internal.MethodInvocationHelper.invokeDataProvider(MethodInvocationHelper.java:115)
	at org.testng.internal.Parameters.handleParameters(Parameters.java:509)
	at org.testng.internal.Invoker.handleParameters(Invoker.java:1308)
	at org.testng.internal.Invoker.createParameters(Invoker.java:1036)
	at org.testng.internal.Invoker.invokeTestMethods(Invoker.java:1126)
	at org.testng.internal.TestMethodWorker.invokeTestMethods(TestMethodWorker.java:126)
	at org.testng.internal.TestMethodWorker.run(TestMethodWorker.java:109)
	at java.util.concurrent.ThreadPoolExecutor.runWorker(ThreadPoolExecutor.java:1142)
	at java.util.concurrent.ThreadPoolExecutor$Worker.run(ThreadPoolExecutor.java:617)
	at java.lang.Thread.run(Thread.java:748)
Caused by: java.lang.NullPointerException
	at com.w2a.architectbatch1.TestUtils.ExcelReaderOmi.getCurrentTestCaseDetails(ExcelReaderOmi.java:48)
	at com.w2a.architectbatch1.TestUtils.TestUtils.getData1(TestUtils.java:76)
	at sun.reflect.NativeMethodAccessorImpl.invoke0(Native Method)
	at sun.reflect.NativeMethodAccessorImpl.invoke(NativeMethodAccessorImpl.java:62)
	at sun.reflect.DelegatingMethodAccessorImpl.invoke(DelegatingMethodAccessorImpl.java:43)
	at java.lang.reflect.Method.invoke(Method.java:498)
	at org.testng.internal.MethodInvocationHelper.invokeMethod(MethodInvocationHelper.java:108)
	at org.testng.internal.MethodInvocationHelper.invokeMethod(MethodInvocationHelper.java:55)
	at org.testng.internal.MethodInvocationHelper.invokeMethodNoCheckedException(MethodInvocationHelper.java:45)
	... 10 more
]]>
            </full-stacktrace>
          </exception> <!-- java.lang.RuntimeException -->
          <reporter-output>
          </reporter-output>
        </test-method> <!-- tc_02 -->
        <test-method status="PASS" signature="afterClass()[pri:0, instance:com.w2a.architectbatch1.testCases.TestCase1@3d34d211]" name="afterClass" is-config="true" duration-ms="0" started-at="2017-11-26T19:59:43Z" finished-at="2017-11-26T19:59:43Z">
          <reporter-output>
          </reporter-output>
        </test-method> <!-- afterClass -->
        <test-method status="PASS" signature="afterTest()[pri:0, instance:com.w2a.architectbatch1.testCases.TestCase1@3d34d211]" name="afterTest" is-config="true" duration-ms="0" started-at="2017-11-26T20:01:13Z" finished-at="2017-11-26T20:01:13Z">
          <reporter-output>
          </reporter-output>
        </test-method> <!-- afterTest -->
        <test-method status="PASS" signature="tearDown()[pri:0, instance:com.w2a.architectbatch1.testCases.TestCase1@3d34d211]" name="tearDown" is-config="true" duration-ms="0" started-at="2017-11-26T20:01:13Z" finished-at="2017-11-26T20:01:13Z">
          <reporter-output>
          </reporter-output>
        </test-method> <!-- tearDown -->
      </class> <!-- com.w2a.architectbatch1.testCases.TestCase1 -->
    </test> <!-- Test -->
  </suite> <!-- Suite -->
</testng-results>
